<?xml version="1.0" encoding="UTF-8"?>
<testsuite name="com.test.automation.runners.WebRunnerTest" tests="0" skipped="0" failures="0" errors="0" timestamp="1970-01-01T00:00:00" hostname="AEC-2K603F3" time="0.0">
  <properties/>
  <system-out><![CDATA[2024-05-08 22:20:10:213 INFO  [Test worker] com.test.automation.util.execution.ControlExecution.featuresSegmentation(ControlExecution.java:34) - =====> Total agents: '' | Agent number: ''
2024-05-08 22:20:10:400 INFO  [Test worker] net.thucydides.model.logging.ConsoleLoggingListener.logBanner(ConsoleLoggingListener.java:99) - 

-------------------------------------------------------------------------------------
     _______. _______ .______       _______ .__   __.  __  .___________.____    ____ 
    /       ||   ____||   _  \     |   ____||  \ |  | |  | |           |\   \  /   / 
   |   (----`|  |__   |  |_)  |    |  |__   |   \|  | |  | `---|  |----` \   \/   /  
    \   \    |   __|  |      /     |   __|  |  . `  | |  |     |  |       \_    _/   
.----)   |   |  |____ |  |\  \----.|  |____ |  |\   | |  |     |  |         |  |     
|_______/    |_______|| _| `._____||_______||__| \__| |__|     |__|         |__|    
                                                                                     
 News and tutorials at https://serenity-bdd.info                                     
 Documentation at https://serenity-bdd.github.io                                     
 Test Automation Training and Coaching: https://www.serenity-dojo.com                
 Commercial Support: https://www.serenity-dojo.com/serenity-bdd-enterprise-support   
 Join the Serenity Community on Gitter: https://gitter.im/serenity-bdd/serenity-core 
-------------------------------------------------------------------------------------

2024-05-08 22:20:10:409 INFO  [Test worker] net.thucydides.model.logging.ConsoleLoggingListener.testSuiteStarted(ConsoleLoggingListener.java:126) - Test Suite Started: Gestionar Mascotas en la pagina de petStore
2024-05-08 22:20:10:470 INFO  [Test worker] net.thucydides.model.logging.ConsoleLoggingListener.testSuiteStarted(ConsoleLoggingListener.java:126) - Test Suite Started: Automatizacion de prueba Mobiles
2024-05-08 22:20:10:475 INFO  [Test worker] net.thucydides.model.logging.ConsoleLoggingListener.testSuiteStarted(ConsoleLoggingListener.java:126) - Test Suite Started: Validar que la aplicacion demoblaze cumpla con los casos de pruebas definidos en la HU
2024-05-08 22:20:10:479 INFO  [Test worker] net.thucydides.model.logging.ConsoleLoggingListener.testSuiteStarted(ConsoleLoggingListener.java:126) - Test Suite Started: Automatizacion de prueba Mobiles

3 Scenarios (?[32m3 passed?[0m)
10 Steps (?[32m10 passed?[0m)
4m2,895s


2024-05-08 22:24:13:492 INFO  [Test worker] com.test.automation.runners.WebRunnerTest.after(WebRunnerTest.java:49) - =====> End Execution SerenityBDD
]]></system-out>
  <system-err><![CDATA[]]></system-err>
</testsuite>
